<html>
<head>
<title>TestNG:  Default test</title>
<link href="../testng.css" rel="stylesheet" type="text/css" />
<link href="../my-testng.css" rel="stylesheet" type="text/css" />

<style type="text/css">
.log { display: none;} 
.stack-trace { display: none;} 
</style>
<script type="text/javascript">
<!--
function flip(e) {
  current = e.style.display;
  if (current == 'block') {
    e.style.display = 'none';
    return 0;
  }
  else {
    e.style.display = 'block';
    return 1;
  }
}

function toggleBox(szDivId, elem, msg1, msg2)
{
  var res = -1;  if (document.getElementById) {
    res = flip(document.getElementById(szDivId));
  }
  else if (document.all) {
    // this is the way old msie versions work
    res = flip(document.all[szDivId]);
  }
  if(elem) {
    if(res == 0) elem.innerHTML = msg1; else elem.innerHTML = msg2;
  }

}

function toggleAllBoxes() {
  if (document.getElementsByTagName) {
    d = document.getElementsByTagName('div');
    for (i = 0; i < d.length; i++) {
      if (d[i].className == 'log') {
        flip(d[i]);
      }
    }
  }
}

// -->
</script>

</head>
<body>
<h2 align='center'>Default test</h2><table border='1' align="center">
<tr>
<td>Tests passed/Failed/Skipped:</td><td>0/0/3</td>
</tr><tr>
<td>Started on:</td><td>Thu Mar 31 13:49:10 CST 2016</td>
</tr>
<tr><td>Total time:</td><td>49 seconds (49486 ms)</td>
</tr><tr>
<td>Included groups:</td><td></td>
</tr><tr>
<td>Excluded groups:</td><td></td>
</tr>
</table><p/>
<small><i>(Hover the method name to see the test class name)</i></small><p/>
<table width='100%' border='1' class='invocation-failed'>
<tr><td colspan='4' align='center'><b>FAILED CONFIGURATIONS</b></td></tr>
<tr><td><b>Test method</b></td>
<td width="30%"><b>Exception</b></td>
<td width="10%"><b>Time (seconds)</b></td>
<td><b>Instance</b></td>
</tr>
<tr>
<td title='Test.NewTest.beforeMethod()'><b>beforeMethod</b><br>Test class: Test.NewTest</td>
<td><div><pre>org.openqa.selenium.WebDriverException: Failed to connect to binary FirefoxBinary(C:\Program Files (x86)\Mozilla Firefox\firefox.exe) on port 7055; process output follows: 
ine.com
1459403356877	DeferredSave.extensions.json	DEBUG	Save changes
1459403356877	DeferredSave.extensions.json	DEBUG	Save changes
1459403356878	addons.xpi	DEBUG	Loading bootstrap scope from C:\Users\HUXB~1.RTS\AppData\Local\Temp\anonymous4993103955301367751webdriver-profile\extensions\commonfix@mozillaonline.com.xpi
1459403356879	addons.xpi	DEBUG	Calling bootstrap method install on commonfix@mozillaonline.com version 0.13
1459403356880	addons.xpi	DEBUG	Install of file:///C:/Program%20Files%20(x86)/Mozilla%20Firefox/distribution/myextensions/commonfix@mozillaonline.com.xpi completed.
1459403356880	addons.xpi	DEBUG	Registering manifest for C:\Users\HUXB~1.RTS\AppData\Local\Temp\anonymous4993103955301367751webdriver-profile\extensions\commonfix@mozillaonline.com.xpi
1459403356881	addons.xpi	DEBUG	Calling bootstrap method startup on commonfix@mozillaonline.com version 0.13
1459403356900	addons.xpi	DEBUG	removeTemporaryFile: file:///C:/Program%20Files%20(x86)/Mozilla%20Firefox/distribution/myextensions/commonfix@mozillaonline.com.xpi does not own temp file
1459403356986	addons.xpi	DEBUG	Staged install of tabtweak@mozillaonline.com from file:///C:/Program%20Files%20(x86)/Mozilla%20Firefox/distribution/myextensions/tabtweak@mozillaonline.com.xpi ready; waiting for restart.
1459403356987	addons.xpi	DEBUG	removeTemporaryFile: file:///C:/Program%20Files%20(x86)/Mozilla%20Firefox/distribution/myextensions/tabtweak@mozillaonline.com.xpi does not own temp file
1459403357068	DeferredSave.extensions.json	DEBUG	Write succeeded
1459403357068	addons.xpi-utils	DEBUG	XPI Database saved, setting schema version preference to 17
1459403357068	DeferredSave.extensions.json	DEBUG	Starting timer
1459403357088	DeferredSave.extensions.json	DEBUG	Starting write
1459403357112	DeferredSave.extensions.json	DEBUG	Write succeeded
1459403357353	addons.repository	DEBUG	Got metadata search load event
1459403357354	DeferredSave.addons.json	DEBUG	Save changes
1459403357354	DeferredSave.addons.json	DEBUG	Starting timer
1459403357405	DeferredSave.addons.json	DEBUG	Starting write
1459403357434	DeferredSave.addons.json	DEBUG	Write succeeded
1459403357435	addons.xpi	DEBUG	Starting install of cehomepage@mozillaonline.com from file:///C:/Program%20Files%20(x86)/Mozilla%20Firefox/distribution/myextensions/cehomepage@mozillaonline.com.xpi
1459403357435	addons.xpi	DEBUG	Addon cehomepage@mozillaonline.com will be installed as an unpacked directory
1459403358287	addons.xpi	DEBUG	Staged install of coba@mozilla.com.cn from file:///C:/Program%20Files%20(x86)/Mozilla%20Firefox/distribution/myextensions/coba@mozilla.com.cn.xpi ready; waiting for restart.
1459403358287	addons.xpi	DEBUG	removeTemporaryFile: file:///C:/Program%20Files%20(x86)/Mozilla%20Firefox/distribution/myextensions/coba@mozilla.com.cn.xpi does not own temp file
1459403359316	addons.xpi	DEBUG	Staged install of easyscreenshot@mozillaonline.com from file:///C:/Program%20Files%20(x86)/Mozilla%20Firefox/distribution/myextensions/easyscreenshot@mozillaonline.com.xpi ready; waiting for restart.
1459403359317	addons.xpi	DEBUG	removeTemporaryFile: file:///C:/Program%20Files%20(x86)/Mozilla%20Firefox/distribution/myextensions/easyscreenshot@mozillaonline.com.xpi does not own temp file
1459403359677	addons.xpi	DEBUG	Staged install of cehomepage@mozillaonline.com from file:///C:/Program%20Files%20(x86)/Mozilla%20Firefox/distribution/myextensions/cehomepage@mozillaonline.com.xpi ready; waiting for restart.
1459403359677	addons.xpi	DEBUG	removeTemporaryFile: file:///C:/Program%20Files%20(x86)/Mozilla%20Firefox/distribution/myextensions/cehomepage@mozillaonline.com.xpi does not own temp file
1459403360387	addons.xpi	DEBUG	Staged install of cpmanager@mozillaonline.com from file:///C:/Program%20Files%20(x86)/Mozilla%20Firefox/distribution/myextensions/cpmanager@mozillaonline.com.xpi ready; waiting for restart.
1459403360394	addons.xpi	DEBUG	removeTemporaryFile: file:///C:/Program%20Files%20(x86)/Mozilla%20Firefox/distribution/myextensions/cpmanager@mozillaonline.com.xpi does not own temp file

Build info: version: &apos;2.44.0&apos;, revision: &apos;76d78cf&apos;, time: &apos;2014-10-23 20:03:00&apos;
System info: host: &apos;kf-huxb&apos;, ip: &apos;192.168.90.13&apos;, os.name: &apos;Windows 7&apos;, os.arch: &apos;amd64&apos;, os.version: &apos;6.1&apos;, java.version: &apos;1.8.0_73&apos;
Driver info: driver.version: FirefoxDriver
	at org.openqa.selenium.firefox.internal.NewProfileExtensionConnection.start(NewProfileExtensionConnection.java:130)
	at org.openqa.selenium.firefox.FirefoxDriver.startClient(FirefoxDriver.java:246)
	at org.openqa.selenium.remote.RemoteWebDriver.&lt;init&gt;(RemoteWebDriver.java:114)
	at org.openqa.selenium.firefox.FirefoxDriver.&lt;init&gt;(FirefoxDriver.java:193)
	at org.openqa.selenium.firefox.FirefoxDriver.&lt;init&gt;(FirefoxDriver.java:186)
	at org.openqa.selenium.firefox.FirefoxDriver.&lt;init&gt;(FirefoxDriver.java:182)
	at org.openqa.selenium.firefox.FirefoxDriver.&lt;init&gt;(FirefoxDriver.java:95)
	at Test.NewTest.beforeMethod(NewTest.java:33)
	at sun.reflect.NativeMethodAccessorImpl.invoke0(Native Method)
	at sun.reflect.NativeMethodAccessorImpl.invoke(Unknown Source)
	at sun.reflect.DelegatingMethodAccessorImpl.invoke(Unknown Source)
	at java.lang.reflect.Method.invoke(Unknown Source)
	at org.testng.internal.MethodInvocationHelper.invokeMethod(MethodInvocationHelper.java:84)
	at org.testng.internal.Invoker.invokeConfigurationMethod(Invoker.java:564)
	at org.testng.internal.Invoker.invokeConfigurations(Invoker.java:213)
	at org.testng.internal.Invoker.invokeMethod(Invoker.java:653)
	at org.testng.internal.Invoker.invokeTestMethod(Invoker.java:901)
	at org.testng.internal.Invoker.invokeTestMethods(Invoker.java:1231)
	at org.testng.internal.TestMethodWorker.invokeTestMethods(TestMethodWorker.java:127)
	at org.testng.internal.TestMethodWorker.run(TestMethodWorker.java:111)
	at org.testng.TestRunner.privateRun(TestRunner.java:767)
	at org.testng.TestRunner.run(TestRunner.java:617)
	at org.testng.SuiteRunner.runTest(SuiteRunner.java:334)
	at org.testng.SuiteRunner.runSequentially(SuiteRunner.java:329)
	at org.testng.SuiteRunner.privateRun(SuiteRunner.java:291)
	at org.testng.SuiteRunner.run(SuiteRunner.java:240)
	at org.testng.SuiteRunnerWorker.runSuite(SuiteRunnerWorker.java:52)
	at org.testng.SuiteRunnerWorker.run(SuiteRunnerWorker.java:86)
	at org.testng.TestNG.runSuitesSequentially(TestNG.java:1224)
	at org.testng.TestNG.runSuitesLocally(TestNG.java:1149)
	at org.testng.TestNG.run(TestNG.java:1057)
	at org.testng.remote.RemoteTestNG.run(RemoteTestNG.java:111)
	at org.testng.remote.RemoteTestNG.initAndRun(RemoteTestNG.java:204)
	at org.testng.remote.RemoteTestNG.main(RemoteTestNG.java:175)
Caused by: org.openqa.selenium.firefox.NotConnectedException: Unable to connect to host 127.0.0.1 on port 7055 after 45000 ms. Firefox console output:
ine.com
1459403356877	DeferredSave.extensions.json	DEBUG	Save changes
1459403356877	DeferredSave.extensions.json	DEBUG	Save changes
1459403356878	addons.xpi	DEBUG	Loading bootstrap scope from C:\Users\HUXB~1.RTS\AppData\Local\Temp\anonymous4993103955301367751webdriver-profile\extensions\commonfix@mozillaonline.com.xpi
1459403356879	addons.xpi	DEBUG	Calling bootstrap method install on commonfix@mozillaonline.com version 0.13
1459403356880	addons.xpi	DEBUG	Install of file:///C:/Program%20Files%20(x86)/Mozilla%20Firefox/distribution/myextensions/commonfix@mozillaonline.com.xpi completed.
1459403356880	addons.xpi	DEBUG	Registering manifest for C:\Users\HUXB~1.RTS\AppData\Local\Temp\anonymous4993103955301367751webdriver-profile\extensions\commonfix@mozillaonline.com.xpi
1459403356881	addons.xpi	DEBUG	Calling bootstrap method startup on commonfix@mozillaonline.com version 0.13
1459403356900	addons.xpi	DEBUG	removeTemporaryFile: file:///C:/Program%20Files%20(x86)/Mozilla%20Firefox/distribution/myextensions/commonfix@mozillaonline.com.xpi does not own temp file
1459403356986	addons.xpi	DEBUG	Staged install of tabtweak@mozillaonline.com from file:///C:/Program%20Files%20(x86)/Mozilla%20Firefox/distribution/myextensions/tabtweak@mozillaonline.com.xpi ready; waiting for restart.
1459403356987	addons.xpi	DEBUG	removeTemporaryFile: file:///C:/Program%20Files%20(x86)/Mozilla%20Firefox/distribution/myextensions/tabtweak@mozillaonline.com.xpi does not own temp file
1459403357068	DeferredSave.extensions.json	DEBUG	Write succeeded
1459403357068	addons.xpi-utils	DEBUG	XPI Database saved, setting schema version preference to 17
1459403357068	DeferredSave.extensions.json	DEBUG	Starting timer
1459403357088	DeferredSave.extensions.json	DEBUG	Starting write
1459403357112	DeferredSave.extensions.json	DEBUG	Write succeeded
1459403357353	addons.repository	DEBUG	Got metadata search load event
1459403357354	DeferredSave.addons.json	DEBUG	Save changes
1459403357354	DeferredSave.addons.json	DEBUG	Starting timer
1459403357405	DeferredSave.addons.json	DEBUG	Starting write
1459403357434	DeferredSave.addons.json	DEBUG	Write succeeded
1459403357435	addons.xpi	DEBUG	Starting install of cehomepage@mozillaonline.com from file:///C:/Program%20Files%20(x86)/Mozilla%20Firefox/distribution/myextensions/cehomepage@mozillaonline.com.xpi
1459403357435	addons.xpi	DEBUG	Addon cehomepage@mozillaonline.com will be installed as an unpacked directory
1459403358287	addons.xpi	DEBUG	Staged install of coba@mozilla.com.cn from file:///C:/Program%20Files%20(x86)/Mozilla%20Firefox/distribution/myextensions/coba@mozilla.com.cn.xpi ready; waiting for restart.
1459403358287	addons.xpi	DEBUG	removeTemporaryFile: file:///C:/Program%20Files%20(x86)/Mozilla%20Firefox/distribution/myextensions/coba@mozilla.com.cn.xpi does not own temp file
1459403359316	addons.xpi	DEBUG	Staged install of easyscreenshot@mozillaonline.com from file:///C:/Program%20Files%20(x86)/Mozilla%20Firefox/distribution/myextensions/easyscreenshot@mozillaonline.com.xpi ready; waiting for restart.
1459403359317	addons.xpi	DEBUG	removeTemporaryFile: file:///C:/Program%20Files%20(x86)/Mozilla%20Firefox/distribution/myextensions/easyscreenshot@mozillaonline.com.xpi does not own temp file
1459403359677	addons.xpi	DEBUG	Staged install of cehomepage@mozillaonline.com from file:///C:/Program%20Files%20(x86)/Mozilla%20Firefox/distribution/myextensions/cehomepage@mozillaonline.com.xpi ready; waiting for restart.
1459403359677	addons.xpi	DEBUG	removeTemporaryFile: file:///C:/Program%20Files%20(x86)/Mozilla%20Firefox/distribution/myextensions/cehomepage@mozillaonline.com.xpi does not own temp file
1459403360387	addons.xpi	DEBUG	Staged install of cpmanager@mozillaonline.com from file:///C:/Program%20Files%20(x86)/Mozilla%20Firefox/distribution/myextensions/cpmanager@mozillaonline.com.xpi ready; waiting for restart.
1459403360394	addons.xpi	DEBUG	removeTemporaryFile: file:///C:/Program%20Files%20(x86)/Mozilla%20Firefox/distribution/myextensions/cpmanager@mozillaonline.com.xpi does not own temp file

	at org.openqa.selenium.firefox.internal.NewProfileExtensionConnection.start(NewProfileExtensionConnection.java:118)
	... 33 more
</pre></div><a href='#' onClick='toggleBox("stack-trace452121674", this, "Click to show all stack frames", "Click to hide stack frames")'>Click to show all stack frames</a>
<div class='stack-trace' id='stack-trace452121674'><pre>org.openqa.selenium.WebDriverException: Failed to connect to binary FirefoxBinary(C:\Program Files (x86)\Mozilla Firefox\firefox.exe) on port 7055; process output follows: 
ine.com
1459403356877	DeferredSave.extensions.json	DEBUG	Save changes
1459403356877	DeferredSave.extensions.json	DEBUG	Save changes
1459403356878	addons.xpi	DEBUG	Loading bootstrap scope from C:\Users\HUXB~1.RTS\AppData\Local\Temp\anonymous4993103955301367751webdriver-profile\extensions\commonfix@mozillaonline.com.xpi
1459403356879	addons.xpi	DEBUG	Calling bootstrap method install on commonfix@mozillaonline.com version 0.13
1459403356880	addons.xpi	DEBUG	Install of file:///C:/Program%20Files%20(x86)/Mozilla%20Firefox/distribution/myextensions/commonfix@mozillaonline.com.xpi completed.
1459403356880	addons.xpi	DEBUG	Registering manifest for C:\Users\HUXB~1.RTS\AppData\Local\Temp\anonymous4993103955301367751webdriver-profile\extensions\commonfix@mozillaonline.com.xpi
1459403356881	addons.xpi	DEBUG	Calling bootstrap method startup on commonfix@mozillaonline.com version 0.13
1459403356900	addons.xpi	DEBUG	removeTemporaryFile: file:///C:/Program%20Files%20(x86)/Mozilla%20Firefox/distribution/myextensions/commonfix@mozillaonline.com.xpi does not own temp file
1459403356986	addons.xpi	DEBUG	Staged install of tabtweak@mozillaonline.com from file:///C:/Program%20Files%20(x86)/Mozilla%20Firefox/distribution/myextensions/tabtweak@mozillaonline.com.xpi ready; waiting for restart.
1459403356987	addons.xpi	DEBUG	removeTemporaryFile: file:///C:/Program%20Files%20(x86)/Mozilla%20Firefox/distribution/myextensions/tabtweak@mozillaonline.com.xpi does not own temp file
1459403357068	DeferredSave.extensions.json	DEBUG	Write succeeded
1459403357068	addons.xpi-utils	DEBUG	XPI Database saved, setting schema version preference to 17
1459403357068	DeferredSave.extensions.json	DEBUG	Starting timer
1459403357088	DeferredSave.extensions.json	DEBUG	Starting write
1459403357112	DeferredSave.extensions.json	DEBUG	Write succeeded
1459403357353	addons.repository	DEBUG	Got metadata search load event
1459403357354	DeferredSave.addons.json	DEBUG	Save changes
1459403357354	DeferredSave.addons.json	DEBUG	Starting timer
1459403357405	DeferredSave.addons.json	DEBUG	Starting write
1459403357434	DeferredSave.addons.json	DEBUG	Write succeeded
1459403357435	addons.xpi	DEBUG	Starting install of cehomepage@mozillaonline.com from file:///C:/Program%20Files%20(x86)/Mozilla%20Firefox/distribution/myextensions/cehomepage@mozillaonline.com.xpi
1459403357435	addons.xpi	DEBUG	Addon cehomepage@mozillaonline.com will be installed as an unpacked directory
1459403358287	addons.xpi	DEBUG	Staged install of coba@mozilla.com.cn from file:///C:/Program%20Files%20(x86)/Mozilla%20Firefox/distribution/myextensions/coba@mozilla.com.cn.xpi ready; waiting for restart.
1459403358287	addons.xpi	DEBUG	removeTemporaryFile: file:///C:/Program%20Files%20(x86)/Mozilla%20Firefox/distribution/myextensions/coba@mozilla.com.cn.xpi does not own temp file
1459403359316	addons.xpi	DEBUG	Staged install of easyscreenshot@mozillaonline.com from file:///C:/Program%20Files%20(x86)/Mozilla%20Firefox/distribution/myextensions/easyscreenshot@mozillaonline.com.xpi ready; waiting for restart.
1459403359317	addons.xpi	DEBUG	removeTemporaryFile: file:///C:/Program%20Files%20(x86)/Mozilla%20Firefox/distribution/myextensions/easyscreenshot@mozillaonline.com.xpi does not own temp file
1459403359677	addons.xpi	DEBUG	Staged install of cehomepage@mozillaonline.com from file:///C:/Program%20Files%20(x86)/Mozilla%20Firefox/distribution/myextensions/cehomepage@mozillaonline.com.xpi ready; waiting for restart.
1459403359677	addons.xpi	DEBUG	removeTemporaryFile: file:///C:/Program%20Files%20(x86)/Mozilla%20Firefox/distribution/myextensions/cehomepage@mozillaonline.com.xpi does not own temp file
1459403360387	addons.xpi	DEBUG	Staged install of cpmanager@mozillaonline.com from file:///C:/Program%20Files%20(x86)/Mozilla%20Firefox/distribution/myextensions/cpmanager@mozillaonline.com.xpi ready; waiting for restart.
1459403360394	addons.xpi	DEBUG	removeTemporaryFile: file:///C:/Program%20Files%20(x86)/Mozilla%20Firefox/distribution/myextensions/cpmanager@mozillaonline.com.xpi does not own temp file

Build info: version: &apos;2.44.0&apos;, revision: &apos;76d78cf&apos;, time: &apos;2014-10-23 20:03:00&apos;
System info: host: &apos;kf-huxb&apos;, ip: &apos;192.168.90.13&apos;, os.name: &apos;Windows 7&apos;, os.arch: &apos;amd64&apos;, os.version: &apos;6.1&apos;, java.version: &apos;1.8.0_73&apos;
Driver info: driver.version: FirefoxDriver
	at org.openqa.selenium.firefox.internal.NewProfileExtensionConnection.start(NewProfileExtensionConnection.java:130)
	at org.openqa.selenium.firefox.FirefoxDriver.startClient(FirefoxDriver.java:246)
	at org.openqa.selenium.remote.RemoteWebDriver.&lt;init&gt;(RemoteWebDriver.java:114)
	at org.openqa.selenium.firefox.FirefoxDriver.&lt;init&gt;(FirefoxDriver.java:193)
	at org.openqa.selenium.firefox.FirefoxDriver.&lt;init&gt;(FirefoxDriver.java:186)
	at org.openqa.selenium.firefox.FirefoxDriver.&lt;init&gt;(FirefoxDriver.java:182)
	at org.openqa.selenium.firefox.FirefoxDriver.&lt;init&gt;(FirefoxDriver.java:95)
	at Test.NewTest.beforeMethod(NewTest.java:33)
	at sun.reflect.NativeMethodAccessorImpl.invoke0(Native Method)
	at sun.reflect.NativeMethodAccessorImpl.invoke(Unknown Source)
	at sun.reflect.DelegatingMethodAccessorImpl.invoke(Unknown Source)
	at java.lang.reflect.Method.invoke(Unknown Source)
	at org.testng.internal.MethodInvocationHelper.invokeMethod(MethodInvocationHelper.java:84)
	at org.testng.internal.Invoker.invokeConfigurationMethod(Invoker.java:564)
	at org.testng.internal.Invoker.invokeConfigurations(Invoker.java:213)
	at org.testng.internal.Invoker.invokeMethod(Invoker.java:653)
	at org.testng.internal.Invoker.invokeTestMethod(Invoker.java:901)
	at org.testng.internal.Invoker.invokeTestMethods(Invoker.java:1231)
	at org.testng.internal.TestMethodWorker.invokeTestMethods(TestMethodWorker.java:127)
	at org.testng.internal.TestMethodWorker.run(TestMethodWorker.java:111)
	at org.testng.TestRunner.privateRun(TestRunner.java:767)
	at org.testng.TestRunner.run(TestRunner.java:617)
	at org.testng.SuiteRunner.runTest(SuiteRunner.java:334)
	at org.testng.SuiteRunner.runSequentially(SuiteRunner.java:329)
	at org.testng.SuiteRunner.privateRun(SuiteRunner.java:291)
	at org.testng.SuiteRunner.run(SuiteRunner.java:240)
	at org.testng.SuiteRunnerWorker.runSuite(SuiteRunnerWorker.java:52)
	at org.testng.SuiteRunnerWorker.run(SuiteRunnerWorker.java:86)
	at org.testng.TestNG.runSuitesSequentially(TestNG.java:1224)
	at org.testng.TestNG.runSuitesLocally(TestNG.java:1149)
	at org.testng.TestNG.run(TestNG.java:1057)
	at org.testng.remote.RemoteTestNG.run(RemoteTestNG.java:111)
	at org.testng.remote.RemoteTestNG.initAndRun(RemoteTestNG.java:204)
	at org.testng.remote.RemoteTestNG.main(RemoteTestNG.java:175)
Caused by: org.openqa.selenium.firefox.NotConnectedException: Unable to connect to host 127.0.0.1 on port 7055 after 45000 ms. Firefox console output:
ine.com
1459403356877	DeferredSave.extensions.json	DEBUG	Save changes
1459403356877	DeferredSave.extensions.json	DEBUG	Save changes
1459403356878	addons.xpi	DEBUG	Loading bootstrap scope from C:\Users\HUXB~1.RTS\AppData\Local\Temp\anonymous4993103955301367751webdriver-profile\extensions\commonfix@mozillaonline.com.xpi
1459403356879	addons.xpi	DEBUG	Calling bootstrap method install on commonfix@mozillaonline.com version 0.13
1459403356880	addons.xpi	DEBUG	Install of file:///C:/Program%20Files%20(x86)/Mozilla%20Firefox/distribution/myextensions/commonfix@mozillaonline.com.xpi completed.
1459403356880	addons.xpi	DEBUG	Registering manifest for C:\Users\HUXB~1.RTS\AppData\Local\Temp\anonymous4993103955301367751webdriver-profile\extensions\commonfix@mozillaonline.com.xpi
1459403356881	addons.xpi	DEBUG	Calling bootstrap method startup on commonfix@mozillaonline.com version 0.13
1459403356900	addons.xpi	DEBUG	removeTemporaryFile: file:///C:/Program%20Files%20(x86)/Mozilla%20Firefox/distribution/myextensions/commonfix@mozillaonline.com.xpi does not own temp file
1459403356986	addons.xpi	DEBUG	Staged install of tabtweak@mozillaonline.com from file:///C:/Program%20Files%20(x86)/Mozilla%20Firefox/distribution/myextensions/tabtweak@mozillaonline.com.xpi ready; waiting for restart.
1459403356987	addons.xpi	DEBUG	removeTemporaryFile: file:///C:/Program%20Files%20(x86)/Mozilla%20Firefox/distribution/myextensions/tabtweak@mozillaonline.com.xpi does not own temp file
1459403357068	DeferredSave.extensions.json	DEBUG	Write succeeded
1459403357068	addons.xpi-utils	DEBUG	XPI Database saved, setting schema version preference to 17
1459403357068	DeferredSave.extensions.json	DEBUG	Starting timer
1459403357088	DeferredSave.extensions.json	DEBUG	Starting write
1459403357112	DeferredSave.extensions.json	DEBUG	Write succeeded
1459403357353	addons.repository	DEBUG	Got metadata search load event
1459403357354	DeferredSave.addons.json	DEBUG	Save changes
1459403357354	DeferredSave.addons.json	DEBUG	Starting timer
1459403357405	DeferredSave.addons.json	DEBUG	Starting write
1459403357434	DeferredSave.addons.json	DEBUG	Write succeeded
1459403357435	addons.xpi	DEBUG	Starting install of cehomepage@mozillaonline.com from file:///C:/Program%20Files%20(x86)/Mozilla%20Firefox/distribution/myextensions/cehomepage@mozillaonline.com.xpi
1459403357435	addons.xpi	DEBUG	Addon cehomepage@mozillaonline.com will be installed as an unpacked directory
1459403358287	addons.xpi	DEBUG	Staged install of coba@mozilla.com.cn from file:///C:/Program%20Files%20(x86)/Mozilla%20Firefox/distribution/myextensions/coba@mozilla.com.cn.xpi ready; waiting for restart.
1459403358287	addons.xpi	DEBUG	removeTemporaryFile: file:///C:/Program%20Files%20(x86)/Mozilla%20Firefox/distribution/myextensions/coba@mozilla.com.cn.xpi does not own temp file
1459403359316	addons.xpi	DEBUG	Staged install of easyscreenshot@mozillaonline.com from file:///C:/Program%20Files%20(x86)/Mozilla%20Firefox/distribution/myextensions/easyscreenshot@mozillaonline.com.xpi ready; waiting for restart.
1459403359317	addons.xpi	DEBUG	removeTemporaryFile: file:///C:/Program%20Files%20(x86)/Mozilla%20Firefox/distribution/myextensions/easyscreenshot@mozillaonline.com.xpi does not own temp file
1459403359677	addons.xpi	DEBUG	Staged install of cehomepage@mozillaonline.com from file:///C:/Program%20Files%20(x86)/Mozilla%20Firefox/distribution/myextensions/cehomepage@mozillaonline.com.xpi ready; waiting for restart.
1459403359677	addons.xpi	DEBUG	removeTemporaryFile: file:///C:/Program%20Files%20(x86)/Mozilla%20Firefox/distribution/myextensions/cehomepage@mozillaonline.com.xpi does not own temp file
1459403360387	addons.xpi	DEBUG	Staged install of cpmanager@mozillaonline.com from file:///C:/Program%20Files%20(x86)/Mozilla%20Firefox/distribution/myextensions/cpmanager@mozillaonline.com.xpi ready; waiting for restart.
1459403360394	addons.xpi	DEBUG	removeTemporaryFile: file:///C:/Program%20Files%20(x86)/Mozilla%20Firefox/distribution/myextensions/cpmanager@mozillaonline.com.xpi does not own temp file

	at org.openqa.selenium.firefox.internal.NewProfileExtensionConnection.start(NewProfileExtensionConnection.java:118)
	... 33 more
</pre></div></td>
<td>0</td>
<td>Test.NewTest@5c0369c4</td></tr>
</table><p>
<table width='100%' border='1' class='invocation-skipped'>
<tr><td colspan='4' align='center'><b>SKIPPED CONFIGURATIONS</b></td></tr>
<tr><td><b>Test method</b></td>
<td width="30%"><b>Exception</b></td>
<td width="10%"><b>Time (seconds)</b></td>
<td><b>Instance</b></td>
</tr>
<tr>
<td title='Test.NewTest.beforeMethod()'><b>beforeMethod</b><br>Test class: Test.NewTest</td>
<td></td>
<td>0</td>
<td>Test.NewTest@5c0369c4</td></tr>
<tr>
<td title='Test.NewTest.beforeMethod()'><b>beforeMethod</b><br>Test class: Test.NewTest</td>
<td></td>
<td>0</td>
<td>Test.NewTest@5c0369c4</td></tr>
<tr>
<td title='Test.NewTest.afterMethod()'><b>afterMethod</b><br>Test class: Test.NewTest</td>
<td></td>
<td>0</td>
<td>Test.NewTest@5c0369c4</td></tr>
<tr>
<td title='Test.NewTest.afterMethod()'><b>afterMethod</b><br>Test class: Test.NewTest</td>
<td></td>
<td>0</td>
<td>Test.NewTest@5c0369c4</td></tr>
<tr>
<td title='Test.NewTest.afterMethod()'><b>afterMethod</b><br>Test class: Test.NewTest</td>
<td></td>
<td>0</td>
<td>Test.NewTest@5c0369c4</td></tr>
</table><p>
<table width='100%' border='1' class='invocation-skipped'>
<tr><td colspan='4' align='center'><b>SKIPPED TESTS</b></td></tr>
<tr><td><b>Test method</b></td>
<td width="30%"><b>Exception</b></td>
<td width="10%"><b>Time (seconds)</b></td>
<td><b>Instance</b></td>
</tr>
<tr>
<td title='Test.NewTest.search()'><b>search</b><br>Test class: Test.NewTest<br>Parameters: {密码=123456, 状态=1, 用户名=luoxy2345}</td>
<td></td>
<td>0</td>
<td>Test.NewTest@5c0369c4</td></tr>
<tr>
<td title='Test.NewTest.search()'><b>search</b><br>Test class: Test.NewTest<br>Parameters: {密码=123456, 状态=1, 用户名=luoxy23456}</td>
<td></td>
<td>0</td>
<td>Test.NewTest@5c0369c4</td></tr>
<tr>
<td title='Test.NewTest.search()'><b>search</b><br>Test class: Test.NewTest<br>Parameters: {密码=123456, 状态=0, 用户名=luoxy234567}</td>
<td></td>
<td>0</td>
<td>Test.NewTest@5c0369c4</td></tr>
</table><p>
</body>
</html>