<!DOCTYPE html PUBLIC "-//W3C//DTD XHTML 1.1//EN" "http://www.w3.org/TR/xhtml11/DTD/xhtml11.dtd">
<html xmlns="http://www.w3.org/1999/xhtml"><head><title>TestNG Report</title><style type="text/css">table {margin-bottom:10px;border-collapse:collapse;empty-cells:show}th,td {border:1px solid #009;padding:.25em .5em}th {vertical-align:bottom}td {vertical-align:top}table a {font-weight:bold}.stripe td {background-color: #E6EBF9}.num {text-align:right}.passedodd td {background-color: #3F3}.passedeven td {background-color: #0A0}.skippedodd td {background-color: #DDD}.skippedeven td {background-color: #CCC}.failedodd td,.attn {background-color: #F33}.failedeven td,.stripe .attn {background-color: #D00}.stacktrace {white-space:pre;font-family:monospace}.totop {font-size:85%;text-align:center;border-bottom:2px solid #000}</style></head><body><table><tr><th>Test</th><th># Passed</th><th># Skipped</th><th># Failed</th><th>Time (ms)</th><th>Included Groups</th><th>Excluded Groups</th></tr><tr><th colspan="7">Default suite</th></tr><tr><td><a href="#t0">Default test</a></td><td class="num">0</td><td class="num attn">3</td><td class="num">0</td><td class="num">49,486</td><td></td><td></td></tr></table><table><thead><tr><th>Class</th><th>Method</th><th>Start</th><th>Time (ms)</th></tr></thead><tbody><tr><th colspan="4">Default suite</th></tr></tbody><tbody id="t0"><tr><th colspan="4">Default test &#8212; failed (configuration methods)</th></tr><tr class="failedeven"><td rowspan="1">Test.NewTest</td><td><a href="#m0">beforeMethod</a></td><td rowspan="1">1459403350918</td><td rowspan="1">0</td></tr><tr><th colspan="4">Default test &#8212; skipped (configuration methods)</th></tr><tr class="skippedeven"><td rowspan="5">Test.NewTest</td><td><a href="#m1">afterMethod</a></td><td rowspan="3">1459403400143</td><td rowspan="3">0</td></tr><tr class="skippedeven"><td><a href="#m2">afterMethod</a></td></tr><tr class="skippedeven"><td><a href="#m3">afterMethod</a></td></tr><tr class="skippedeven"><td><a href="#m4">beforeMethod</a></td><td rowspan="2">1459403400145</td><td rowspan="2">0</td></tr><tr class="skippedeven"><td><a href="#m5">beforeMethod</a></td></tr><tr><th colspan="4">Default test &#8212; skipped</th></tr><tr class="skippedeven"><td rowspan="3">Test.NewTest</td><td><a href="#m6">search</a></td><td rowspan="3">1459403400132</td><td rowspan="3">1</td></tr><tr class="skippedeven"><td><a href="#m7">search</a></td></tr><tr class="skippedeven"><td><a href="#m8">search</a></td></tr></tbody></table><h2>Default test</h2><h3 id="m0">Test.NewTest#beforeMethod</h3><table class="result"><tr><th>Exception</th></tr><tr><td><div class="stacktrace">org.openqa.selenium.WebDriverException: Failed to connect to binary FirefoxBinary(C:\Program Files (x86)\Mozilla Firefox\firefox.exe) on port 7055; process output follows: 
ine.com
1459403356877	DeferredSave.extensions.json	DEBUG	Save changes
1459403356877	DeferredSave.extensions.json	DEBUG	Save changes
1459403356878	addons.xpi	DEBUG	Loading bootstrap scope from C:\Users\HUXB~1.RTS\AppData\Local\Temp\anonymous4993103955301367751webdriver-profile\extensions\commonfix@mozillaonline.com.xpi
1459403356879	addons.xpi	DEBUG	Calling bootstrap method install on commonfix@mozillaonline.com version 0.13
1459403356880	addons.xpi	DEBUG	Install of file:///C:/Program%20Files%20(x86)/Mozilla%20Firefox/distribution/myextensions/commonfix@mozillaonline.com.xpi completed.
1459403356880	addons.xpi	DEBUG	Registering manifest for C:\Users\HUXB~1.RTS\AppData\Local\Temp\anonymous4993103955301367751webdriver-profile\extensions\commonfix@mozillaonline.com.xpi
1459403356881	addons.xpi	DEBUG	Calling bootstrap method startup on commonfix@mozillaonline.com version 0.13
1459403356900	addons.xpi	DEBUG	removeTemporaryFile: file:///C:/Program%20Files%20(x86)/Mozilla%20Firefox/distribution/myextensions/commonfix@mozillaonline.com.xpi does not own temp file
1459403356986	addons.xpi	DEBUG	Staged install of tabtweak@mozillaonline.com from file:///C:/Program%20Files%20(x86)/Mozilla%20Firefox/distribution/myextensions/tabtweak@mozillaonline.com.xpi ready; waiting for restart.
1459403356987	addons.xpi	DEBUG	removeTemporaryFile: file:///C:/Program%20Files%20(x86)/Mozilla%20Firefox/distribution/myextensions/tabtweak@mozillaonline.com.xpi does not own temp file
1459403357068	DeferredSave.extensions.json	DEBUG	Write succeeded
1459403357068	addons.xpi-utils	DEBUG	XPI Database saved, setting schema version preference to 17
1459403357068	DeferredSave.extensions.json	DEBUG	Starting timer
1459403357088	DeferredSave.extensions.json	DEBUG	Starting write
1459403357112	DeferredSave.extensions.json	DEBUG	Write succeeded
1459403357353	addons.repository	DEBUG	Got metadata search load event
1459403357354	DeferredSave.addons.json	DEBUG	Save changes
1459403357354	DeferredSave.addons.json	DEBUG	Starting timer
1459403357405	DeferredSave.addons.json	DEBUG	Starting write
1459403357434	DeferredSave.addons.json	DEBUG	Write succeeded
1459403357435	addons.xpi	DEBUG	Starting install of cehomepage@mozillaonline.com from file:///C:/Program%20Files%20(x86)/Mozilla%20Firefox/distribution/myextensions/cehomepage@mozillaonline.com.xpi
1459403357435	addons.xpi	DEBUG	Addon cehomepage@mozillaonline.com will be installed as an unpacked directory
1459403358287	addons.xpi	DEBUG	Staged install of coba@mozilla.com.cn from file:///C:/Program%20Files%20(x86)/Mozilla%20Firefox/distribution/myextensions/coba@mozilla.com.cn.xpi ready; waiting for restart.
1459403358287	addons.xpi	DEBUG	removeTemporaryFile: file:///C:/Program%20Files%20(x86)/Mozilla%20Firefox/distribution/myextensions/coba@mozilla.com.cn.xpi does not own temp file
1459403359316	addons.xpi	DEBUG	Staged install of easyscreenshot@mozillaonline.com from file:///C:/Program%20Files%20(x86)/Mozilla%20Firefox/distribution/myextensions/easyscreenshot@mozillaonline.com.xpi ready; waiting for restart.
1459403359317	addons.xpi	DEBUG	removeTemporaryFile: file:///C:/Program%20Files%20(x86)/Mozilla%20Firefox/distribution/myextensions/easyscreenshot@mozillaonline.com.xpi does not own temp file
1459403359677	addons.xpi	DEBUG	Staged install of cehomepage@mozillaonline.com from file:///C:/Program%20Files%20(x86)/Mozilla%20Firefox/distribution/myextensions/cehomepage@mozillaonline.com.xpi ready; waiting for restart.
1459403359677	addons.xpi	DEBUG	removeTemporaryFile: file:///C:/Program%20Files%20(x86)/Mozilla%20Firefox/distribution/myextensions/cehomepage@mozillaonline.com.xpi does not own temp file
1459403360387	addons.xpi	DEBUG	Staged install of cpmanager@mozillaonline.com from file:///C:/Program%20Files%20(x86)/Mozilla%20Firefox/distribution/myextensions/cpmanager@mozillaonline.com.xpi ready; waiting for restart.
1459403360394	addons.xpi	DEBUG	removeTemporaryFile: file:///C:/Program%20Files%20(x86)/Mozilla%20Firefox/distribution/myextensions/cpmanager@mozillaonline.com.xpi does not own temp file

Build info: version: &apos;2.44.0&apos;, revision: &apos;76d78cf&apos;, time: &apos;2014-10-23 20:03:00&apos;
System info: host: &apos;kf-huxb&apos;, ip: &apos;192.168.90.13&apos;, os.name: &apos;Windows 7&apos;, os.arch: &apos;amd64&apos;, os.version: &apos;6.1&apos;, java.version: &apos;1.8.0_73&apos;
Driver info: driver.version: FirefoxDriver
	at org.openqa.selenium.firefox.internal.NewProfileExtensionConnection.start(NewProfileExtensionConnection.java:130)
	at org.openqa.selenium.firefox.FirefoxDriver.startClient(FirefoxDriver.java:246)
	at org.openqa.selenium.remote.RemoteWebDriver.&lt;init&gt;(RemoteWebDriver.java:114)
	at org.openqa.selenium.firefox.FirefoxDriver.&lt;init&gt;(FirefoxDriver.java:193)
	at org.openqa.selenium.firefox.FirefoxDriver.&lt;init&gt;(FirefoxDriver.java:186)
	at org.openqa.selenium.firefox.FirefoxDriver.&lt;init&gt;(FirefoxDriver.java:182)
	at org.openqa.selenium.firefox.FirefoxDriver.&lt;init&gt;(FirefoxDriver.java:95)
	at Test.NewTest.beforeMethod(NewTest.java:33)
	at sun.reflect.NativeMethodAccessorImpl.invoke0(Native Method)
	at sun.reflect.NativeMethodAccessorImpl.invoke(Unknown Source)
	at sun.reflect.DelegatingMethodAccessorImpl.invoke(Unknown Source)
	at java.lang.reflect.Method.invoke(Unknown Source)
	at org.testng.internal.MethodInvocationHelper.invokeMethod(MethodInvocationHelper.java:84)
	at org.testng.internal.Invoker.invokeConfigurationMethod(Invoker.java:564)
	at org.testng.internal.Invoker.invokeConfigurations(Invoker.java:213)
	at org.testng.internal.Invoker.invokeMethod(Invoker.java:653)
	at org.testng.internal.Invoker.invokeTestMethod(Invoker.java:901)
	at org.testng.internal.Invoker.invokeTestMethods(Invoker.java:1231)
	at org.testng.internal.TestMethodWorker.invokeTestMethods(TestMethodWorker.java:127)
	at org.testng.internal.TestMethodWorker.run(TestMethodWorker.java:111)
	at org.testng.TestRunner.privateRun(TestRunner.java:767)
	at org.testng.TestRunner.run(TestRunner.java:617)
	at org.testng.SuiteRunner.runTest(SuiteRunner.java:334)
	at org.testng.SuiteRunner.runSequentially(SuiteRunner.java:329)
	at org.testng.SuiteRunner.privateRun(SuiteRunner.java:291)
	at org.testng.SuiteRunner.run(SuiteRunner.java:240)
	at org.testng.SuiteRunnerWorker.runSuite(SuiteRunnerWorker.java:52)
	at org.testng.SuiteRunnerWorker.run(SuiteRunnerWorker.java:86)
	at org.testng.TestNG.runSuitesSequentially(TestNG.java:1224)
	at org.testng.TestNG.runSuitesLocally(TestNG.java:1149)
	at org.testng.TestNG.run(TestNG.java:1057)
	at org.testng.remote.RemoteTestNG.run(RemoteTestNG.java:111)
	at org.testng.remote.RemoteTestNG.initAndRun(RemoteTestNG.java:204)
	at org.testng.remote.RemoteTestNG.main(RemoteTestNG.java:175)
Caused by: org.openqa.selenium.firefox.NotConnectedException: Unable to connect to host 127.0.0.1 on port 7055 after 45000 ms. Firefox console output:
ine.com
1459403356877	DeferredSave.extensions.json	DEBUG	Save changes
1459403356877	DeferredSave.extensions.json	DEBUG	Save changes
1459403356878	addons.xpi	DEBUG	Loading bootstrap scope from C:\Users\HUXB~1.RTS\AppData\Local\Temp\anonymous4993103955301367751webdriver-profile\extensions\commonfix@mozillaonline.com.xpi
1459403356879	addons.xpi	DEBUG	Calling bootstrap method install on commonfix@mozillaonline.com version 0.13
1459403356880	addons.xpi	DEBUG	Install of file:///C:/Program%20Files%20(x86)/Mozilla%20Firefox/distribution/myextensions/commonfix@mozillaonline.com.xpi completed.
1459403356880	addons.xpi	DEBUG	Registering manifest for C:\Users\HUXB~1.RTS\AppData\Local\Temp\anonymous4993103955301367751webdriver-profile\extensions\commonfix@mozillaonline.com.xpi
1459403356881	addons.xpi	DEBUG	Calling bootstrap method startup on commonfix@mozillaonline.com version 0.13
1459403356900	addons.xpi	DEBUG	removeTemporaryFile: file:///C:/Program%20Files%20(x86)/Mozilla%20Firefox/distribution/myextensions/commonfix@mozillaonline.com.xpi does not own temp file
1459403356986	addons.xpi	DEBUG	Staged install of tabtweak@mozillaonline.com from file:///C:/Program%20Files%20(x86)/Mozilla%20Firefox/distribution/myextensions/tabtweak@mozillaonline.com.xpi ready; waiting for restart.
1459403356987	addons.xpi	DEBUG	removeTemporaryFile: file:///C:/Program%20Files%20(x86)/Mozilla%20Firefox/distribution/myextensions/tabtweak@mozillaonline.com.xpi does not own temp file
1459403357068	DeferredSave.extensions.json	DEBUG	Write succeeded
1459403357068	addons.xpi-utils	DEBUG	XPI Database saved, setting schema version preference to 17
1459403357068	DeferredSave.extensions.json	DEBUG	Starting timer
1459403357088	DeferredSave.extensions.json	DEBUG	Starting write
1459403357112	DeferredSave.extensions.json	DEBUG	Write succeeded
1459403357353	addons.repository	DEBUG	Got metadata search load event
1459403357354	DeferredSave.addons.json	DEBUG	Save changes
1459403357354	DeferredSave.addons.json	DEBUG	Starting timer
1459403357405	DeferredSave.addons.json	DEBUG	Starting write
1459403357434	DeferredSave.addons.json	DEBUG	Write succeeded
1459403357435	addons.xpi	DEBUG	Starting install of cehomepage@mozillaonline.com from file:///C:/Program%20Files%20(x86)/Mozilla%20Firefox/distribution/myextensions/cehomepage@mozillaonline.com.xpi
1459403357435	addons.xpi	DEBUG	Addon cehomepage@mozillaonline.com will be installed as an unpacked directory
1459403358287	addons.xpi	DEBUG	Staged install of coba@mozilla.com.cn from file:///C:/Program%20Files%20(x86)/Mozilla%20Firefox/distribution/myextensions/coba@mozilla.com.cn.xpi ready; waiting for restart.
1459403358287	addons.xpi	DEBUG	removeTemporaryFile: file:///C:/Program%20Files%20(x86)/Mozilla%20Firefox/distribution/myextensions/coba@mozilla.com.cn.xpi does not own temp file
1459403359316	addons.xpi	DEBUG	Staged install of easyscreenshot@mozillaonline.com from file:///C:/Program%20Files%20(x86)/Mozilla%20Firefox/distribution/myextensions/easyscreenshot@mozillaonline.com.xpi ready; waiting for restart.
1459403359317	addons.xpi	DEBUG	removeTemporaryFile: file:///C:/Program%20Files%20(x86)/Mozilla%20Firefox/distribution/myextensions/easyscreenshot@mozillaonline.com.xpi does not own temp file
1459403359677	addons.xpi	DEBUG	Staged install of cehomepage@mozillaonline.com from file:///C:/Program%20Files%20(x86)/Mozilla%20Firefox/distribution/myextensions/cehomepage@mozillaonline.com.xpi ready; waiting for restart.
1459403359677	addons.xpi	DEBUG	removeTemporaryFile: file:///C:/Program%20Files%20(x86)/Mozilla%20Firefox/distribution/myextensions/cehomepage@mozillaonline.com.xpi does not own temp file
1459403360387	addons.xpi	DEBUG	Staged install of cpmanager@mozillaonline.com from file:///C:/Program%20Files%20(x86)/Mozilla%20Firefox/distribution/myextensions/cpmanager@mozillaonline.com.xpi ready; waiting for restart.
1459403360394	addons.xpi	DEBUG	removeTemporaryFile: file:///C:/Program%20Files%20(x86)/Mozilla%20Firefox/distribution/myextensions/cpmanager@mozillaonline.com.xpi does not own temp file

	at org.openqa.selenium.firefox.internal.NewProfileExtensionConnection.start(NewProfileExtensionConnection.java:118)
	... 33 more
</div></td></tr></table><p class="totop"><a href="#summary">back to summary</a></p><h3 id="m1">Test.NewTest#afterMethod</h3><table class="result"></table><p class="totop"><a href="#summary">back to summary</a></p><h3 id="m2">Test.NewTest#afterMethod</h3><table class="result"></table><p class="totop"><a href="#summary">back to summary</a></p><h3 id="m3">Test.NewTest#afterMethod</h3><table class="result"></table><p class="totop"><a href="#summary">back to summary</a></p><h3 id="m4">Test.NewTest#beforeMethod</h3><table class="result"></table><p class="totop"><a href="#summary">back to summary</a></p><h3 id="m5">Test.NewTest#beforeMethod</h3><table class="result"></table><p class="totop"><a href="#summary">back to summary</a></p><h3 id="m6">Test.NewTest#search</h3><table class="result"><tr class="param"><th>Parameter #1</th></tr><tr class="param stripe"><td>{密码=123456, 状态=1, 用户名=luoxy2345}</td></tr></table><p class="totop"><a href="#summary">back to summary</a></p><h3 id="m7">Test.NewTest#search</h3><table class="result"><tr class="param"><th>Parameter #1</th></tr><tr class="param stripe"><td>{密码=123456, 状态=0, 用户名=luoxy234567}</td></tr></table><p class="totop"><a href="#summary">back to summary</a></p><h3 id="m8">Test.NewTest#search</h3><table class="result"><tr class="param"><th>Parameter #1</th></tr><tr class="param stripe"><td>{密码=123456, 状态=1, 用户名=luoxy23456}</td></tr></table><p class="totop"><a href="#summary">back to summary</a></p></body></html>